d:\documents\documents\qt\cqlinterpreter\debug\vc143.pdb
d:\documents\documents\qt\cqlinterpreter\debug\main.obj
d:\documents\documents\qt\cqlinterpreter\debug\selectstatement.obj
d:\documents\documents\qt\cqlinterpreter\debug\commandprompt.obj
d:\documents\documents\qt\cqlinterpreter\debug\term.obj
d:\documents\documents\qt\cqlinterpreter\debug\csvfile2.obj
d:\documents\documents\qt\cqlinterpreter\debug\functions.obj
d:\documents\documents\qt\cqlinterpreter\debug\assignstatement.obj
d:\documents\documents\qt\cqlinterpreter\debug\expression.obj
d:\documents\documents\qt\cqlinterpreter\debug\parser.obj
d:\documents\documents\qt\cqlinterpreter\debug\csvfile.obj
d:\documents\documents\qt\cqlinterpreter\debug\license.obj
d:\documents\documents\qt\cqlinterpreter\debug\tokenizer.obj
d:\documents\documents\qt\cqlinterpreter\debug\conditionalexpression.obj
d:\documents\documents\qt\cqlinterpreter\debug\types.obj
d:\documents\documents\qt\cqlinterpreter\debug\importstatement.obj
d:\documents\documents\qt\cqlinterpreter\debug\updatestatement.obj
d:\documents\documents\qt\cqlinterpreter\debug\replxx.dll
d:\documents\documents\qt\cqlinterpreter\debug\moc_predefs.h
d:\documents\documents\qt\cqlinterpreter\debug\cqlinterpreter.exe
d:\documents\documents\qt\cqlinterpreter\debug\cqlinterpreter.pdb
d:\documents\documents\qt\cqlinterpreter\debug\cqlinterpreter.res
d:\documents\documents\qt\cqlinterpreter\debug\cqlinterpreter.ilk
d:\documents\documents\qt\cqlinterpreter\debug\cqlinterpreter.tlog\cl.command.1.tlog
d:\documents\documents\qt\cqlinterpreter\debug\cqlinterpreter.tlog\cl.items.tlog
d:\documents\documents\qt\cqlinterpreter\debug\cqlinterpreter.tlog\cl.read.1.tlog
d:\documents\documents\qt\cqlinterpreter\debug\cqlinterpreter.tlog\cl.write.1.tlog
d:\documents\documents\qt\cqlinterpreter\debug\cqlinterpreter.tlog\cqlinterpreter.write.1u.tlog
d:\documents\documents\qt\cqlinterpreter\debug\cqlinterpreter.tlog\custombuild.command.1.tlog
d:\documents\documents\qt\cqlinterpreter\debug\cqlinterpreter.tlog\custombuild.read.1.tlog
d:\documents\documents\qt\cqlinterpreter\debug\cqlinterpreter.tlog\custombuild.write.1.tlog
d:\documents\documents\qt\cqlinterpreter\debug\cqlinterpreter.tlog\link.command.1.tlog
d:\documents\documents\qt\cqlinterpreter\debug\cqlinterpreter.tlog\link.read.1.tlog
d:\documents\documents\qt\cqlinterpreter\debug\cqlinterpreter.tlog\link.secondary.1.tlog
d:\documents\documents\qt\cqlinterpreter\debug\cqlinterpreter.tlog\link.write.1.tlog
d:\documents\documents\qt\cqlinterpreter\debug\cqlinterpreter.tlog\rc.command.1.tlog
d:\documents\documents\qt\cqlinterpreter\debug\cqlinterpreter.tlog\rc.read.1.tlog
d:\documents\documents\qt\cqlinterpreter\debug\cqlinterpreter.tlog\rc.write.1.tlog
