d:\documents\documents\qt\cqlinterpreter\release\commandprompt.obj
d:\documents\documents\qt\cqlinterpreter\release\term.obj
d:\documents\documents\qt\cqlinterpreter\release\types.obj
d:\documents\documents\qt\cqlinterpreter\release\functions.obj
d:\documents\documents\qt\cqlinterpreter\release\importstatement.obj
d:\documents\documents\qt\cqlinterpreter\release\tokenizer.obj
d:\documents\documents\qt\cqlinterpreter\release\csvfile.obj
d:\documents\documents\qt\cqlinterpreter\release\selectstatement.obj
d:\documents\documents\qt\cqlinterpreter\release\assignstatement.obj
d:\documents\documents\qt\cqlinterpreter\release\conditionalexpression.obj
d:\documents\documents\qt\cqlinterpreter\release\updatestatement.obj
d:\documents\documents\qt\cqlinterpreter\release\parser.obj
d:\documents\documents\qt\cqlinterpreter\release\csvfile2.obj
d:\documents\documents\qt\cqlinterpreter\release\main.obj
d:\documents\documents\qt\cqlinterpreter\release\expression.obj
d:\documents\documents\qt\cqlinterpreter\release\license.obj
d:\documents\documents\qt\cqlinterpreter\release\test.obj
d:\documents\documents\qt\cqlinterpreter\release\replxx.dll
d:\documents\documents\qt\cqlinterpreter\release\moc_predefs.h
d:\documents\documents\qt\cqlinterpreter\release\cqlinterpreter.exe
d:\documents\documents\qt\cqlinterpreter\release\cqlinterpreter.res
d:\documents\documents\qt\cqlinterpreter\release\cqlinterpreter.tlog\cl.command.1.tlog
d:\documents\documents\qt\cqlinterpreter\release\cqlinterpreter.tlog\cl.items.tlog
d:\documents\documents\qt\cqlinterpreter\release\cqlinterpreter.tlog\cl.read.1.tlog
d:\documents\documents\qt\cqlinterpreter\release\cqlinterpreter.tlog\cl.write.1.tlog
d:\documents\documents\qt\cqlinterpreter\release\cqlinterpreter.tlog\cqlinterpreter.write.1u.tlog
d:\documents\documents\qt\cqlinterpreter\release\cqlinterpreter.tlog\custombuild.command.1.tlog
d:\documents\documents\qt\cqlinterpreter\release\cqlinterpreter.tlog\custombuild.read.1.tlog
d:\documents\documents\qt\cqlinterpreter\release\cqlinterpreter.tlog\custombuild.write.1.tlog
d:\documents\documents\qt\cqlinterpreter\release\cqlinterpreter.tlog\link.command.1.tlog
d:\documents\documents\qt\cqlinterpreter\release\cqlinterpreter.tlog\link.read.1.tlog
d:\documents\documents\qt\cqlinterpreter\release\cqlinterpreter.tlog\link.secondary.1.tlog
d:\documents\documents\qt\cqlinterpreter\release\cqlinterpreter.tlog\link.write.1.tlog
d:\documents\documents\qt\cqlinterpreter\release\cqlinterpreter.tlog\rc.command.1.tlog
d:\documents\documents\qt\cqlinterpreter\release\cqlinterpreter.tlog\rc.read.1.tlog
d:\documents\documents\qt\cqlinterpreter\release\cqlinterpreter.tlog\rc.write.1.tlog
